2021-11-18 20:53:55,804 [1] INFO LovePets_UI.App -         =============  Started Logging  =============        
2021-11-18 20:57:35,023 [1] INFO LovePets_UI.App -         =============  Started Logging  =============        
2021-11-18 20:57:39,073 [1] INFO LovePets_UI.Window4 - Entered to reminder window!
2021-11-18 20:59:10,572 [1] INFO LovePets_UI.App -         =============  Started Logging  =============        
2021-11-18 21:00:54,526 [1] INFO LovePets_UI.App -         =============  Started Logging  =============        
2021-11-18 21:01:47,973 [1] INFO LovePets_UI.App -         =============  Started Logging  =============        
2021-11-18 21:01:59,333 [1] ERROR LovePets_UI.Window1 - Error during image loading. Check the extension!
2021-11-18 21:33:37,209 [1] INFO LovePets_UI.App -         =============  Started Logging  =============        
2021-11-18 21:33:37,542 [1] INFO LovePets_UI.MainWindow - Entered main window!
2021-11-18 21:33:40,012 [1] INFO LovePets_UI.MainWindow - Clicked button to enter profile window!
2021-11-18 21:33:40,193 [1] INFO LovePets_UI.Window1 - Entered to profile window!
2021-11-18 21:33:44,928 [1] INFO LovePets_UI.Window1 - Load profile info from DB
2021-11-18 21:33:46,434 [1] INFO LovePets_UI.Window1 - Switch to profile 2
2021-11-18 21:33:46,845 [1] INFO LovePets_UI.Window1 - Switch to profile 3
2021-11-18 21:33:47,394 [1] INFO LovePets_UI.Window1 - Switch to profile 4
2021-11-18 21:33:48,061 [1] INFO LovePets_UI.Window1 - Switch to profile 5
2021-11-18 21:33:48,712 [1] INFO LovePets_UI.Window1 - Switch to profile 1
2021-11-18 21:33:49,644 [1] INFO LovePets_UI.Window1 - Try load new image!
2021-11-18 21:33:51,704 [1] ERROR LovePets_UI.Window1 - Error during image loading. Check the extension!
2021-11-18 21:33:51,707 [1] INFO LovePets_UI.Window1 - Try load new image!
2021-11-18 21:33:54,446 [1] INFO LovePets_UI.Window1 - Update profiles in DB
2021-11-18 21:33:54,446 [1] INFO LovePets_UI.Window1 - Exit from profile window!
2021-11-18 21:33:54,451 [1] INFO LovePets_UI.MainWindow - Entered main window!
2021-11-18 21:33:56,364 [1] INFO LovePets_UI.MainWindow - Clicked button to enter reminder window!
2021-11-18 21:33:56,492 [1] INFO LovePets_UI.Window4 - Entered to reminder window!
2021-11-18 21:33:56,586 [1] INFO LovePets_UI.Window4 - Loaded appointments!
2021-11-18 21:34:06,124 [1] INFO LovePets_UI.Window4 - Save changes from reminders!
2021-11-18 21:34:06,124 [1] INFO LovePets_UI.Window4 - Exit from reminder window!
2021-11-18 21:34:06,129 [1] INFO LovePets_UI.MainWindow - Entered main window!
2021-11-18 21:34:07,212 [1] INFO LovePets_UI.MainWindow - Clicked button to enter quize window!
2021-11-18 21:34:07,226 [1] INFO LovePets_UI.Window2 - Entered to quize window!
2021-11-18 21:34:07,262 [1] INFO LovePets_UI.Window2 - Loaded first question!
2021-11-18 21:34:09,437 [1] INFO LovePets_UI.Window2 - Next question loaded!
2021-11-18 21:34:09,613 [1] INFO LovePets_UI.Window2 - Next question loaded!
2021-11-18 21:34:09,903 [1] INFO LovePets_UI.Window2 - Next question loaded!
2021-11-18 21:34:10,119 [1] INFO LovePets_UI.Window2 - Next question loaded!
2021-11-18 21:34:10,293 [1] INFO LovePets_UI.Window2 - Next question loaded!
2021-11-18 21:34:10,488 [1] INFO LovePets_UI.Window2 - Next question loaded!
2021-11-18 21:34:10,663 [1] INFO LovePets_UI.Window2 - Next question loaded!
2021-11-18 21:34:10,836 [1] INFO LovePets_UI.Window2 - Next question loaded!
2021-11-18 21:34:10,964 [1] INFO LovePets_UI.Window2 - Next question loaded!
2021-11-18 21:34:11,181 [1] INFO LovePets_UI.Window2 - Next question loaded!
2021-11-18 21:34:11,368 [1] INFO LovePets_UI.Window2 - Next question loaded!
2021-11-18 21:34:11,528 [1] INFO LovePets_UI.Window2 - Next question loaded!
2021-11-18 21:34:11,734 [1] INFO LovePets_UI.Window2 - Next question loaded!
2021-11-18 21:34:11,900 [1] INFO LovePets_UI.Window2 - Next question loaded!
2021-11-18 21:34:12,076 [1] INFO LovePets_UI.Window2 - Next question loaded!
2021-11-18 21:34:12,259 [1] INFO LovePets_UI.Window2 - Next question loaded!
2021-11-18 21:34:12,433 [1] INFO LovePets_UI.Window2 - Next question loaded!
2021-11-18 21:34:12,636 [1] INFO LovePets_UI.Window2 - Next question loaded!
2021-11-18 21:34:12,836 [1] INFO LovePets_UI.Window2 - Next question loaded!
2021-11-18 21:34:13,100 [1] INFO LovePets_UI.Window2 - Result loaded!
2021-11-18 21:34:15,125 [1] INFO LovePets_UI.Window2 - Exit from quize window!
2021-11-18 21:34:15,128 [1] INFO LovePets_UI.MainWindow - Entered main window!
2021-11-18 21:34:16,701 [1] INFO LovePets_UI.MainWindow - Program closed!
2021-11-18 21:34:16,718 [1] INFO LovePets_UI.MainWindow - Program closed!
2021-11-18 21:34:16,753 [1] INFO LovePets_UI.Window1 - Program closed!
2021-11-18 21:34:16,782 [1] INFO LovePets_UI.MainWindow - Program closed!
2021-11-18 21:34:16,847 [1] INFO LovePets_UI.Window4 - Save changes from reminders!
2021-11-18 21:34:16,847 [1] INFO LovePets_UI.Window4 - Program closed!
2021-11-18 21:34:16,872 [1] INFO LovePets_UI.MainWindow - Program closed!
2021-11-18 21:34:16,878 [1] INFO LovePets_UI.Window2 - Program closed!
2021-11-18 21:41:03,647 [1] INFO LovePets_UI.App -         =============  Started Logging  =============        
2021-11-18 21:41:04,001 [1] INFO LovePets_UI.MainWindow - Entered main window!
2021-11-18 21:41:06,916 [1] INFO LovePets_UI.MainWindow - Clicked button to enter profile window!
2021-11-18 21:41:06,964 [1] INFO LovePets_UI.Window1 - Entered to profile window!
2021-11-18 21:41:10,331 [1] INFO LovePets_UI.Window1 - Load profile info from DB
2021-11-18 21:41:29,651 [1] INFO LovePets_UI.Window1 - Update profiles in DB
2021-11-18 21:41:29,651 [1] INFO LovePets_UI.Window1 - Exit from profile window!
2021-11-18 21:41:29,655 [1] INFO LovePets_UI.MainWindow - Entered main window!
2021-11-18 21:41:31,347 [1] INFO LovePets_UI.MainWindow - Clicked button to enter reminder window!
2021-11-18 21:41:31,466 [1] INFO LovePets_UI.Window4 - Entered to reminder window!
2021-11-18 21:41:31,569 [1] INFO LovePets_UI.Window4 - Loaded appointments!
2021-11-18 21:41:34,958 [1] INFO LovePets_UI.Window4 - Save changes from reminders!
2021-11-18 21:41:34,958 [1] INFO LovePets_UI.Window4 - Exit from reminder window!
2021-11-18 21:41:34,962 [1] INFO LovePets_UI.MainWindow - Entered main window!
2021-11-18 21:41:35,915 [1] INFO LovePets_UI.MainWindow - Clicked button to enter quize window!
2021-11-18 21:41:35,924 [1] INFO LovePets_UI.Window2 - Entered to quize window!
2021-11-18 21:41:35,949 [1] INFO LovePets_UI.Window2 - Loaded first question!
2021-11-18 21:41:37,602 [1] INFO LovePets_UI.Window2 - Next question loaded!
2021-11-18 21:41:37,756 [1] INFO LovePets_UI.Window2 - Next question loaded!
2021-11-18 21:41:37,935 [1] INFO LovePets_UI.Window2 - Next question loaded!
2021-11-18 21:41:38,102 [1] INFO LovePets_UI.Window2 - Next question loaded!
2021-11-18 21:41:38,287 [1] INFO LovePets_UI.Window2 - Next question loaded!
2021-11-18 21:41:38,517 [1] INFO LovePets_UI.Window2 - Next question loaded!
2021-11-18 21:41:38,682 [1] INFO LovePets_UI.Window2 - Next question loaded!
2021-11-18 21:41:38,906 [1] INFO LovePets_UI.Window2 - Next question loaded!
2021-11-18 21:41:39,206 [1] INFO LovePets_UI.Window2 - Next question loaded!
2021-11-18 21:41:39,430 [1] INFO LovePets_UI.Window2 - Next question loaded!
2021-11-18 21:41:39,589 [1] INFO LovePets_UI.Window2 - Next question loaded!
2021-11-18 21:41:39,768 [1] INFO LovePets_UI.Window2 - Next question loaded!
2021-11-18 21:41:39,951 [1] INFO LovePets_UI.Window2 - Next question loaded!
2021-11-18 21:41:40,131 [1] INFO LovePets_UI.Window2 - Next question loaded!
2021-11-18 21:41:40,307 [1] INFO LovePets_UI.Window2 - Next question loaded!
2021-11-18 21:41:40,498 [1] INFO LovePets_UI.Window2 - Next question loaded!
2021-11-18 21:41:40,731 [1] INFO LovePets_UI.Window2 - Next question loaded!
2021-11-18 21:41:40,939 [1] INFO LovePets_UI.Window2 - Next question loaded!
2021-11-18 21:41:41,149 [1] INFO LovePets_UI.Window2 - Next question loaded!
2021-11-18 21:41:41,381 [1] INFO LovePets_UI.Window2 - Result loaded!
2021-11-18 21:41:42,923 [1] INFO LovePets_UI.Window2 - Program closed!
2021-11-18 21:41:42,970 [1] INFO LovePets_UI.MainWindow - Program closed!
2021-11-18 21:41:43,024 [1] INFO LovePets_UI.Window1 - Program closed!
2021-11-18 21:41:43,046 [1] INFO LovePets_UI.MainWindow - Program closed!
2021-11-18 21:41:43,085 [1] INFO LovePets_UI.Window4 - Save changes from reminders!
2021-11-18 21:41:43,086 [1] INFO LovePets_UI.Window4 - Program closed!
2021-11-18 21:41:43,102 [1] INFO LovePets_UI.MainWindow - Program closed!
